[2026-03-05 02:39:07] local.ERROR: Command "make:admin" is not defined.

Did you mean one of these?
    make:cache-table
    make:cast
    make:channel
    make:class
    make:command
    make:component
    make:config
    make:controller
    make:enum
    make:event
    make:exception
    make:factory
    make:interface
    make:job
    make:job-middleware
    make:listener
    make:mail
    make:middleware
    make:migration
    make:model
    make:notification
    make:notifications-table
    make:observer
    make:policy
    make:provider
    make:queue-batches-table
    make:queue-failed-table
    make:queue-table
    make:request
    make:resource
    make:rule
    make:scope
    make:seeder
    make:session-table
    make:test
    make:trait
    make:view {"exception":"[object] (Symfony\\Component\\Console\\Exception\\CommandNotFoundException(code: 0): Command \"make:admin\" is not defined.

Did you mean one of these?
    make:cache-table
    make:cast
    make:channel
    make:class
    make:command
    make:component
    make:config
    make:controller
    make:enum
    make:event
    make:exception
    make:factory
    make:interface
    make:job
    make:job-middleware
    make:listener
    make:mail
    make:middleware
    make:migration
    make:model
    make:notification
    make:notifications-table
    make:observer
    make:policy
    make:provider
    make:queue-batches-table
    make:queue-failed-table
    make:queue-table
    make:request
    make:resource
    make:rule
    make:scope
    make:seeder
    make:session-table
    make:test
    make:trait
    make:view at /Users/admin/Downloads/CODINGGG/PROJECT CLIEN/WEBSITE-YAYASAN-AL-HIDAYAH1/vendor/symfony/console/Application.php:759)
[stacktrace]
#0 /Users/admin/Downloads/CODINGGG/PROJECT CLIEN/WEBSITE-YAYASAN-AL-HIDAYAH1/vendor/symfony/console/Application.php(298): Symfony\\Component\\Console\\Application->find('make:admin')
#1 /Users/admin/Downloads/CODINGGG/PROJECT CLIEN/WEBSITE-YAYASAN-AL-HIDAYAH1/vendor/symfony/console/Application.php(195): Symfony\\Component\\Console\\Application->doRun(Object(Symfony\\Component\\Console\\Input\\ArgvInput), Object(Symfony\\Component\\Console\\Output\\ConsoleOutput))
#2 /Users/admin/Downloads/CODINGGG/PROJECT CLIEN/WEBSITE-YAYASAN-AL-HIDAYAH1/vendor/laravel/framework/src/Illuminate/Foundation/Console/Kernel.php(198): Symfony\\Component\\Console\\Application->run(Object(Symfony\\Component\\Console\\Input\\ArgvInput), Object(Symfony\\Component\\Console\\Output\\ConsoleOutput))
#3 /Users/admin/Downloads/CODINGGG/PROJECT CLIEN/WEBSITE-YAYASAN-AL-HIDAYAH1/vendor/laravel/framework/src/Illuminate/Foundation/Application.php(1235): Illuminate\\Foundation\\Console\\Kernel->handle(Object(Symfony\\Component\\Console\\Input\\ArgvInput), Object(Symfony\\Component\\Console\\Output\\ConsoleOutput))
#4 /Users/admin/Downloads/CODINGGG/PROJECT CLIEN/WEBSITE-YAYASAN-AL-HIDAYAH1/artisan(16): Illuminate\\Foundation\\Application->handleCommand(Object(Symfony\\Component\\Console\\Input\\ArgvInput))
#5 {main}
"} 
[2026-03-12 01:23:08] local.ERROR: Database file at path [/Users/admin/Downloads/CODINGGG/PROJECT CLIEN/WEBSITE-YAYASAN-AL-HIDAYAH/database/database.sqlite] does not exist. Ensure this is an absolute path to the database. (Connection: sqlite, Database: /Users/admin/Downloads/CODINGGG/PROJECT CLIEN/WEBSITE-YAYASAN-AL-HIDAYAH/database/database.sqlite, SQL: select exists (select 1 from "main".sqlite_master where name = 'migrations' and type = 'table') as "exists") {"exception":"[object] (Illuminate\\Database\\QueryException(code: 0): Database file at path [/Users/admin/Downloads/CODINGGG/PROJECT CLIEN/WEBSITE-YAYASAN-AL-HIDAYAH/database/database.sqlite] does not exist. Ensure this is an absolute path to the database. (Connection: sqlite, Database: /Users/admin/Downloads/CODINGGG/PROJECT CLIEN/WEBSITE-YAYASAN-AL-HIDAYAH/database/database.sqlite, SQL: select exists (select 1 from \"main\".sqlite_master where name = 'migrations' and type = 'table') as \"exists\") at /Users/admin/Downloads/CODINGGG/PROJECT CLIEN/WEBSITE-YAYASAN-AL-HIDAYAH1/vendor/laravel/framework/src/Illuminate/Database/Connection.php:838)
[stacktrace]
#0 /Users/admin/Downloads/CODINGGG/PROJECT CLIEN/WEBSITE-YAYASAN-AL-HIDAYAH1/vendor/laravel/framework/src/Illuminate/Database/Connection.php(794): Illuminate\\Database\\Connection->runQueryCallback('select exists (...', Array, Object(Closure))
#1 /Users/admin/Downloads/CODINGGG/PROJECT CLIEN/WEBSITE-YAYASAN-AL-HIDAYAH1/vendor/laravel/framework/src/Illuminate/Database/Connection.php(411): Illuminate\\Database\\Connection->run('select exists (...', Array, Object(Closure))
#2 /Users/admin/Downloads/CODINGGG/PROJECT CLIEN/WEBSITE-YAYASAN-AL-HIDAYAH1/vendor/laravel/framework/src/Illuminate/Database/Connection.php(357): Illuminate\\Database\\Connection->select('select exists (...', Array, true)
#3 /Users/admin/Downloads/CODINGGG/PROJECT CLIEN/WEBSITE-YAYASAN-AL-HIDAYAH1/vendor/laravel/framework/src/Illuminate/Database/Connection.php(374): Illuminate\\Database\\Connection->selectOne('select exists (...', Array, true)
#4 /Users/admin/Downloads/CODINGGG/PROJECT CLIEN/WEBSITE-YAYASAN-AL-HIDAYAH1/vendor/laravel/framework/src/Illuminate/Database/Schema/Builder.php(176): Illuminate\\Database\\Connection->scalar('select exists (...')
#5 /Users/admin/Downloads/CODINGGG/PROJECT CLIEN/WEBSITE-YAYASAN-AL-HIDAYAH1/vendor/laravel/framework/src/Illuminate/Database/Migrations/DatabaseMigrationRepository.php(185): Illuminate\\Database\\Schema\\Builder->hasTable('migrations')
#6 /Users/admin/Downloads/CODINGGG/PROJECT CLIEN/WEBSITE-YAYASAN-AL-HIDAYAH1/vendor/laravel/framework/src/Illuminate/Database/Migrations/Migrator.php(758): Illuminate\\Database\\Migrations\\DatabaseMigrationRepository->repositoryExists()
#7 /Users/admin/Downloads/CODINGGG/PROJECT CLIEN/WEBSITE-YAYASAN-AL-HIDAYAH1/vendor/laravel/framework/src/Illuminate/Database/Console/Migrations/MigrateCommand.php(164): Illuminate\\Database\\Migrations\\Migrator->repositoryExists()
#8 /Users/admin/Downloads/CODINGGG/PROJECT CLIEN/WEBSITE-YAYASAN-AL-HIDAYAH1/vendor/laravel/framework/src/Illuminate/Support/helpers.php(327): Illuminate\\Database\\Console\\Migrations\\MigrateCommand->{closure:Illuminate\\Database\\Console\\Migrations\\MigrateCommand::repositoryExists():164}(1)
#9 /Users/admin/Downloads/CODINGGG/PROJECT CLIEN/WEBSITE-YAYASAN-AL-HIDAYAH1/vendor/laravel/framework/src/Illuminate/Database/Console/Migrations/MigrateCommand.php(164): retry(1, Object(Closure), 0, Object(Closure))
#10 /Users/admin/Downloads/CODINGGG/PROJECT CLIEN/WEBSITE-YAYASAN-AL-HIDAYAH1/vendor/laravel/framework/src/Illuminate/Database/Console/Migrations/MigrateCommand.php(140): Illuminate\\Database\\Console\\Migrations\\MigrateCommand->repositoryExists()
#11 /Users/admin/Downloads/CODINGGG/PROJECT CLIEN/WEBSITE-YAYASAN-AL-HIDAYAH1/vendor/laravel/framework/src/Illuminate/Database/Console/Migrations/MigrateCommand.php(110): Illuminate\\Database\\Console\\Migrations\\MigrateCommand->prepareDatabase()
#12 /Users/admin/Downloads/CODINGGG/PROJECT CLIEN/WEBSITE-YAYASAN-AL-HIDAYAH1/vendor/laravel/framework/src/Illuminate/Database/Migrations/Migrator.php(671): Illuminate\\Database\\Console\\Migrations\\MigrateCommand->{closure:Illuminate\\Database\\Console\\Migrations\\MigrateCommand::runMigrations():109}()
#13 /Users/admin/Downloads/CODINGGG/PROJECT CLIEN/WEBSITE-YAYASAN-AL-HIDAYAH1/vendor/laravel/framework/src/Illuminate/Database/Console/Migrations/MigrateCommand.php(109): Illuminate\\Database\\Migrations\\Migrator->usingConnection(NULL, Object(Closure))
#14 /Users/admin/Downloads/CODINGGG/PROJECT CLIEN/WEBSITE-YAYASAN-AL-HIDAYAH1/vendor/laravel/framework/src/Illuminate/Database/Console/Migrations/MigrateCommand.php(88): Illuminate\\Database\\Console\\Migrations\\MigrateCommand->runMigrations()
#15 /Users/admin/Downloads/CODINGGG/PROJECT CLIEN/WEBSITE-YAYASAN-AL-HIDAYAH1/vendor/laravel/framework/src/Illuminate/Container/BoundMethod.php(36): Illuminate\\Database\\Console\\Migrations\\MigrateCommand->handle()
#16 /Users/admin/Downloads/CODINGGG/PROJECT CLIEN/WEBSITE-YAYASAN-AL-HIDAYAH1/vendor/laravel/framework/src/Illuminate/Container/Util.php(43): Illuminate\\Container\\BoundMethod::{closure:Illuminate\\Container\\BoundMethod::call():35}()
#17 /Users/admin/Downloads/CODINGGG/PROJECT CLIEN/WEBSITE-YAYASAN-AL-HIDAYAH1/vendor/laravel/framework/src/Illuminate/Container/BoundMethod.php(96): Illuminate\\Container\\Util::unwrapIfClosure(Object(Closure))
#18 /Users/admin/Downloads/CODINGGG/PROJECT CLIEN/WEBSITE-YAYASAN-AL-HIDAYAH1/vendor/laravel/framework/src/Illuminate/Container/BoundMethod.php(35): Illuminate\\Container\\BoundMethod::callBoundMethod(Object(Illuminate\\Foundation\\Application), Array, Object(Closure))
#19 /Users/admin/Downloads/CODINGGG/PROJECT CLIEN/WEBSITE-YAYASAN-AL-HIDAYAH1/vendor/laravel/framework/src/Illuminate/Container/Container.php(799): Illuminate\\Container\\BoundMethod::call(Object(Illuminate\\Foundation\\Application), Array, Array, NULL)
#20 /Users/admin/Downloads/CODINGGG/PROJECT CLIEN/WEBSITE-YAYASAN-AL-HIDAYAH1/vendor/laravel/framework/src/Illuminate/Console/Command.php(211): Illuminate\\Container\\Container->call(Array)
#21 /Users/admin/Downloads/CODINGGG/PROJECT CLIEN/WEBSITE-YAYASAN-AL-HIDAYAH1/vendor/symfony/console/Command/Command.php(341): Illuminate\\Console\\Command->execute(Object(Symfony\\Component\\Console\\Input\\ArgvInput), Object(Illuminate\\Console\\OutputStyle))
#22 /Users/admin/Downloads/CODINGGG/PROJECT CLIEN/WEBSITE-YAYASAN-AL-HIDAYAH1/vendor/laravel/framework/src/Illuminate/Console/Command.php(180): Symfony\\Component\\Console\\Command\\Command->run(Object(Symfony\\Component\\Console\\Input\\ArgvInput), Object(Illuminate\\Console\\OutputStyle))
#23 /Users/admin/Downloads/CODINGGG/PROJECT CLIEN/WEBSITE-YAYASAN-AL-HIDAYAH1/vendor/symfony/console/Application.php(1117): Illuminate\\Console\\Command->run(Object(Symfony\\Component\\Console\\Input\\ArgvInput), Object(Symfony\\Component\\Console\\Output\\ConsoleOutput))
#24 /Users/admin/Downloads/CODINGGG/PROJECT CLIEN/WEBSITE-YAYASAN-AL-HIDAYAH1/vendor/symfony/console/Application.php(356): Symfony\\Component\\Console\\Application->doRunCommand(Object(Illuminate\\Database\\Console\\Migrations\\MigrateCommand), Object(Symfony\\Component\\Console\\Input\\ArgvInput), Object(Symfony\\Component\\Console\\Output\\ConsoleOutput))
#25 /Users/admin/Downloads/CODINGGG/PROJECT CLIEN/WEBSITE-YAYASAN-AL-HIDAYAH1/vendor/symfony/console/Application.php(195): Symfony\\Component\\Console\\Application->doRun(Object(Symfony\\Component\\Console\\Input\\ArgvInput), Object(Symfony\\Component\\Console\\Output\\ConsoleOutput))
#26 /Users/admin/Downloads/CODINGGG/PROJECT CLIEN/WEBSITE-YAYASAN-AL-HIDAYAH1/vendor/laravel/framework/src/Illuminate/Foundation/Console/Kernel.php(198): Symfony\\Component\\Console\\Application->run(Object(Symfony\\Component\\Console\\Input\\ArgvInput), Object(Symfony\\Component\\Console\\Output\\ConsoleOutput))
#27 /Users/admin/Downloads/CODINGGG/PROJECT CLIEN/WEBSITE-YAYASAN-AL-HIDAYAH1/vendor/laravel/framework/src/Illuminate/Foundation/Application.php(1235): Illuminate\\Foundation\\Console\\Kernel->handle(Object(Symfony\\Component\\Console\\Input\\ArgvInput), Object(Symfony\\Component\\Console\\Output\\ConsoleOutput))
#28 /Users/admin/Downloads/CODINGGG/PROJECT CLIEN/WEBSITE-YAYASAN-AL-HIDAYAH1/artisan(16): Illuminate\\Foundation\\Application->handleCommand(Object(Symfony\\Component\\Console\\Input\\ArgvInput))
#29 {main}

[previous exception] [object] (Illuminate\\Database\\SQLiteDatabaseDoesNotExistException(code: 0): Database file at path [/Users/admin/Downloads/CODINGGG/PROJECT CLIEN/WEBSITE-YAYASAN-AL-HIDAYAH/database/database.sqlite] does not exist. Ensure this is an absolute path to the database. at /Users/admin/Downloads/CODINGGG/PROJECT CLIEN/WEBSITE-YAYASAN-AL-HIDAYAH1/vendor/laravel/framework/src/Illuminate/Database/Connectors/SQLiteConnector.php:60)
[stacktrace]
#0 /Users/admin/Downloads/CODINGGG/PROJECT CLIEN/WEBSITE-YAYASAN-AL-HIDAYAH1/vendor/laravel/framework/src/Illuminate/Database/Connectors/SQLiteConnector.php(19): Illuminate\\Database\\Connectors\\SQLiteConnector->parseDatabasePath(false)
#1 /Users/admin/Downloads/CODINGGG/PROJECT CLIEN/WEBSITE-YAYASAN-AL-HIDAYAH1/vendor/laravel/framework/src/Illuminate/Database/Connectors/ConnectionFactory.php(225): Illuminate\\Database\\Connectors\\SQLiteConnector->connect(Array)
#2 [internal function]: Illuminate\\Database\\Connectors\\ConnectionFactory->{closure:Illuminate\\Database\\Connectors\\ConnectionFactory::createPdoResolverWithoutHosts():225}()
#3 /Users/admin/Downloads/CODINGGG/PROJECT CLIEN/WEBSITE-YAYASAN-AL-HIDAYAH1/vendor/laravel/framework/src/Illuminate/Database/Connection.php(1257): call_user_func(Object(Closure))
#4 /Users/admin/Downloads/CODINGGG/PROJECT CLIEN/WEBSITE-YAYASAN-AL-HIDAYAH1/vendor/laravel/framework/src/Illuminate/Database/Connection.php(1295): Illuminate\\Database\\Connection->getPdo()
#5 /Users/admin/Downloads/CODINGGG/PROJECT CLIEN/WEBSITE-YAYASAN-AL-HIDAYAH1/vendor/laravel/framework/src/Illuminate/Database/Connection.php(525): Illuminate\\Database\\Connection->getReadPdo()
#6 /Users/admin/Downloads/CODINGGG/PROJECT CLIEN/WEBSITE-YAYASAN-AL-HIDAYAH1/vendor/laravel/framework/src/Illuminate/Database/Connection.php(420): Illuminate\\Database\\Connection->getPdoForSelect(true)
#7 /Users/admin/Downloads/CODINGGG/PROJECT CLIEN/WEBSITE-YAYASAN-AL-HIDAYAH1/vendor/laravel/framework/src/Illuminate/Database/Connection.php(827): Illuminate\\Database\\Connection->{closure:Illuminate\\Database\\Connection::select():411}('select exists (...', Array)
#8 /Users/admin/Downloads/CODINGGG/PROJECT CLIEN/WEBSITE-YAYASAN-AL-HIDAYAH1/vendor/laravel/framework/src/Illuminate/Database/Connection.php(794): Illuminate\\Database\\Connection->runQueryCallback('select exists (...', Array, Object(Closure))
#9 /Users/admin/Downloads/CODINGGG/PROJECT CLIEN/WEBSITE-YAYASAN-AL-HIDAYAH1/vendor/laravel/framework/src/Illuminate/Database/Connection.php(411): Illuminate\\Database\\Connection->run('select exists (...', Array, Object(Closure))
#10 /Users/admin/Downloads/CODINGGG/PROJECT CLIEN/WEBSITE-YAYASAN-AL-HIDAYAH1/vendor/laravel/framework/src/Illuminate/Database/Connection.php(357): Illuminate\\Database\\Connection->select('select exists (...', Array, true)
#11 /Users/admin/Downloads/CODINGGG/PROJECT CLIEN/WEBSITE-YAYASAN-AL-HIDAYAH1/vendor/laravel/framework/src/Illuminate/Database/Connection.php(374): Illuminate\\Database\\Connection->selectOne('select exists (...', Array, true)
#12 /Users/admin/Downloads/CODINGGG/PROJECT CLIEN/WEBSITE-YAYASAN-AL-HIDAYAH1/vendor/laravel/framework/src/Illuminate/Database/Schema/Builder.php(176): Illuminate\\Database\\Connection->scalar('select exists (...')
#13 /Users/admin/Downloads/CODINGGG/PROJECT CLIEN/WEBSITE-YAYASAN-AL-HIDAYAH1/vendor/laravel/framework/src/Illuminate/Database/Migrations/DatabaseMigrationRepository.php(185): Illuminate\\Database\\Schema\\Builder->hasTable('migrations')
#14 /Users/admin/Downloads/CODINGGG/PROJECT CLIEN/WEBSITE-YAYASAN-AL-HIDAYAH1/vendor/laravel/framework/src/Illuminate/Database/Migrations/Migrator.php(758): Illuminate\\Database\\Migrations\\DatabaseMigrationRepository->repositoryExists()
#15 /Users/admin/Downloads/CODINGGG/PROJECT CLIEN/WEBSITE-YAYASAN-AL-HIDAYAH1/vendor/laravel/framework/src/Illuminate/Database/Console/Migrations/MigrateCommand.php(164): Illuminate\\Database\\Migrations\\Migrator->repositoryExists()
#16 /Users/admin/Downloads/CODINGGG/PROJECT CLIEN/WEBSITE-YAYASAN-AL-HIDAYAH1/vendor/laravel/framework/src/Illuminate/Support/helpers.php(327): Illuminate\\Database\\Console\\Migrations\\MigrateCommand->{closure:Illuminate\\Database\\Console\\Migrations\\MigrateCommand::repositoryExists():164}(1)
#17 /Users/admin/Downloads/CODINGGG/PROJECT CLIEN/WEBSITE-YAYASAN-AL-HIDAYAH1/vendor/laravel/framework/src/Illuminate/Database/Console/Migrations/MigrateCommand.php(164): retry(1, Object(Closure), 0, Object(Closure))
#18 /Users/admin/Downloads/CODINGGG/PROJECT CLIEN/WEBSITE-YAYASAN-AL-HIDAYAH1/vendor/laravel/framework/src/Illuminate/Database/Console/Migrations/MigrateCommand.php(140): Illuminate\\Database\\Console\\Migrations\\MigrateCommand->repositoryExists()
#19 /Users/admin/Downloads/CODINGGG/PROJECT CLIEN/WEBSITE-YAYASAN-AL-HIDAYAH1/vendor/laravel/framework/src/Illuminate/Database/Console/Migrations/MigrateCommand.php(110): Illuminate\\Database\\Console\\Migrations\\MigrateCommand->prepareDatabase()
#20 /Users/admin/Downloads/CODINGGG/PROJECT CLIEN/WEBSITE-YAYASAN-AL-HIDAYAH1/vendor/laravel/framework/src/Illuminate/Database/Migrations/Migrator.php(671): Illuminate\\Database\\Console\\Migrations\\MigrateCommand->{closure:Illuminate\\Database\\Console\\Migrations\\MigrateCommand::runMigrations():109}()
#21 /Users/admin/Downloads/CODINGGG/PROJECT CLIEN/WEBSITE-YAYASAN-AL-HIDAYAH1/vendor/laravel/framework/src/Illuminate/Database/Console/Migrations/MigrateCommand.php(109): Illuminate\\Database\\Migrations\\Migrator->usingConnection(NULL, Object(Closure))
#22 /Users/admin/Downloads/CODINGGG/PROJECT CLIEN/WEBSITE-YAYASAN-AL-HIDAYAH1/vendor/laravel/framework/src/Illuminate/Database/Console/Migrations/MigrateCommand.php(88): Illuminate\\Database\\Console\\Migrations\\MigrateCommand->runMigrations()
#23 /Users/admin/Downloads/CODINGGG/PROJECT CLIEN/WEBSITE-YAYASAN-AL-HIDAYAH1/vendor/laravel/framework/src/Illuminate/Container/BoundMethod.php(36): Illuminate\\Database\\Console\\Migrations\\MigrateCommand->handle()
#24 /Users/admin/Downloads/CODINGGG/PROJECT CLIEN/WEBSITE-YAYASAN-AL-HIDAYAH1/vendor/laravel/framework/src/Illuminate/Container/Util.php(43): Illuminate\\Container\\BoundMethod::{closure:Illuminate\\Container\\BoundMethod::call():35}()
#25 /Users/admin/Downloads/CODINGGG/PROJECT CLIEN/WEBSITE-YAYASAN-AL-HIDAYAH1/vendor/laravel/framework/src/Illuminate/Container/BoundMethod.php(96): Illuminate\\Container\\Util::unwrapIfClosure(Object(Closure))
#26 /Users/admin/Downloads/CODINGGG/PROJECT CLIEN/WEBSITE-YAYASAN-AL-HIDAYAH1/vendor/laravel/framework/src/Illuminate/Container/BoundMethod.php(35): Illuminate\\Container\\BoundMethod::callBoundMethod(Object(Illuminate\\Foundation\\Application), Array, Object(Closure))
#27 /Users/admin/Downloads/CODINGGG/PROJECT CLIEN/WEBSITE-YAYASAN-AL-HIDAYAH1/vendor/laravel/framework/src/Illuminate/Container/Container.php(799): Illuminate\\Container\\BoundMethod::call(Object(Illuminate\\Foundation\\Application), Array, Array, NULL)
#28 /Users/admin/Downloads/CODINGGG/PROJECT CLIEN/WEBSITE-YAYASAN-AL-HIDAYAH1/vendor/laravel/framework/src/Illuminate/Console/Command.php(211): Illuminate\\Container\\Container->call(Array)
#29 /Users/admin/Downloads/CODINGGG/PROJECT CLIEN/WEBSITE-YAYASAN-AL-HIDAYAH1/vendor/symfony/console/Command/Command.php(341): Illuminate\\Console\\Command->execute(Object(Symfony\\Component\\Console\\Input\\ArgvInput), Object(Illuminate\\Console\\OutputStyle))
#30 /Users/admin/Downloads/CODINGGG/PROJECT CLIEN/WEBSITE-YAYASAN-AL-HIDAYAH1/vendor/laravel/framework/src/Illuminate/Console/Command.php(180): Symfony\\Component\\Console\\Command\\Command->run(Object(Symfony\\Component\\Console\\Input\\ArgvInput), Object(Illuminate\\Console\\OutputStyle))
#31 /Users/admin/Downloads/CODINGGG/PROJECT CLIEN/WEBSITE-YAYASAN-AL-HIDAYAH1/vendor/symfony/console/Application.php(1117): Illuminate\\Console\\Command->run(Object(Symfony\\Component\\Console\\Input\\ArgvInput), Object(Symfony\\Component\\Console\\Output\\ConsoleOutput))
#32 /Users/admin/Downloads/CODINGGG/PROJECT CLIEN/WEBSITE-YAYASAN-AL-HIDAYAH1/vendor/symfony/console/Application.php(356): Symfony\\Component\\Console\\Application->doRunCommand(Object(Illuminate\\Database\\Console\\Migrations\\MigrateCommand), Object(Symfony\\Component\\Console\\Input\\ArgvInput), Object(Symfony\\Component\\Console\\Output\\ConsoleOutput))
#33 /Users/admin/Downloads/CODINGGG/PROJECT CLIEN/WEBSITE-YAYASAN-AL-HIDAYAH1/vendor/symfony/console/Application.php(195): Symfony\\Component\\Console\\Application->doRun(Object(Symfony\\Component\\Console\\Input\\ArgvInput), Object(Symfony\\Component\\Console\\Output\\ConsoleOutput))
#34 /Users/admin/Downloads/CODINGGG/PROJECT CLIEN/WEBSITE-YAYASAN-AL-HIDAYAH1/vendor/laravel/framework/src/Illuminate/Foundation/Console/Kernel.php(198): Symfony\\Component\\Console\\Application->run(Object(Symfony\\Component\\Console\\Input\\ArgvInput), Object(Symfony\\Component\\Console\\Output\\ConsoleOutput))
#35 /Users/admin/Downloads/CODINGGG/PROJECT CLIEN/WEBSITE-YAYASAN-AL-HIDAYAH1/vendor/laravel/framework/src/Illuminate/Foundation/Application.php(1235): Illuminate\\Foundation\\Console\\Kernel->handle(Object(Symfony\\Component\\Console\\Input\\ArgvInput), Object(Symfony\\Component\\Console\\Output\\ConsoleOutput))
#36 /Users/admin/Downloads/CODINGGG/PROJECT CLIEN/WEBSITE-YAYASAN-AL-HIDAYAH1/artisan(16): Illuminate\\Foundation\\Application->handleCommand(Object(Symfony\\Component\\Console\\Input\\ArgvInput))
#37 {main}
"} 
[2026-03-12 01:23:26] local.ERROR: Database file at path [/Users/admin/Downloads/CODINGGG/PROJECT CLIEN/WEBSITE-YAYASAN-AL-HIDAYAH/database/database.sqlite] does not exist. Ensure this is an absolute path to the database. (Connection: sqlite, Database: /Users/admin/Downloads/CODINGGG/PROJECT CLIEN/WEBSITE-YAYASAN-AL-HIDAYAH/database/database.sqlite, SQL: select exists (select 1 from "main".sqlite_master where name = 'migrations' and type = 'table') as "exists") {"exception":"[object] (Illuminate\\Database\\QueryException(code: 0): Database file at path [/Users/admin/Downloads/CODINGGG/PROJECT CLIEN/WEBSITE-YAYASAN-AL-HIDAYAH/database/database.sqlite] does not exist. Ensure this is an absolute path to the database. (Connection: sqlite, Database: /Users/admin/Downloads/CODINGGG/PROJECT CLIEN/WEBSITE-YAYASAN-AL-HIDAYAH/database/database.sqlite, SQL: select exists (select 1 from \"main\".sqlite_master where name = 'migrations' and type = 'table') as \"exists\") at /Users/admin/Downloads/CODINGGG/PROJECT CLIEN/WEBSITE-YAYASAN-AL-HIDAYAH1/vendor/laravel/framework/src/Illuminate/Database/Connection.php:838)
[stacktrace]
#0 /Users/admin/Downloads/CODINGGG/PROJECT CLIEN/WEBSITE-YAYASAN-AL-HIDAYAH1/vendor/laravel/framework/src/Illuminate/Database/Connection.php(794): Illuminate\\Database\\Connection->runQueryCallback('select exists (...', Array, Object(Closure))
#1 /Users/admin/Downloads/CODINGGG/PROJECT CLIEN/WEBSITE-YAYASAN-AL-HIDAYAH1/vendor/laravel/framework/src/Illuminate/Database/Connection.php(411): Illuminate\\Database\\Connection->run('select exists (...', Array, Object(Closure))
#2 /Users/admin/Downloads/CODINGGG/PROJECT CLIEN/WEBSITE-YAYASAN-AL-HIDAYAH1/vendor/laravel/framework/src/Illuminate/Database/Connection.php(357): Illuminate\\Database\\Connection->select('select exists (...', Array, true)
#3 /Users/admin/Downloads/CODINGGG/PROJECT CLIEN/WEBSITE-YAYASAN-AL-HIDAYAH1/vendor/laravel/framework/src/Illuminate/Database/Connection.php(374): Illuminate\\Database\\Connection->selectOne('select exists (...', Array, true)
#4 /Users/admin/Downloads/CODINGGG/PROJECT CLIEN/WEBSITE-YAYASAN-AL-HIDAYAH1/vendor/laravel/framework/src/Illuminate/Database/Schema/Builder.php(176): Illuminate\\Database\\Connection->scalar('select exists (...')
#5 /Users/admin/Downloads/CODINGGG/PROJECT CLIEN/WEBSITE-YAYASAN-AL-HIDAYAH1/vendor/laravel/framework/src/Illuminate/Database/Migrations/DatabaseMigrationRepository.php(185): Illuminate\\Database\\Schema\\Builder->hasTable('migrations')
#6 /Users/admin/Downloads/CODINGGG/PROJECT CLIEN/WEBSITE-YAYASAN-AL-HIDAYAH1/vendor/laravel/framework/src/Illuminate/Database/Migrations/Migrator.php(758): Illuminate\\Database\\Migrations\\DatabaseMigrationRepository->repositoryExists()
#7 /Users/admin/Downloads/CODINGGG/PROJECT CLIEN/WEBSITE-YAYASAN-AL-HIDAYAH1/vendor/laravel/framework/src/Illuminate/Database/Console/Migrations/FreshCommand.php(67): Illuminate\\Database\\Migrations\\Migrator->repositoryExists()
#8 /Users/admin/Downloads/CODINGGG/PROJECT CLIEN/WEBSITE-YAYASAN-AL-HIDAYAH1/vendor/laravel/framework/src/Illuminate/Database/Migrations/Migrator.php(671): Illuminate\\Database\\Console\\Migrations\\FreshCommand->{closure:Illuminate\\Database\\Console\\Migrations\\FreshCommand::handle():66}()
#9 /Users/admin/Downloads/CODINGGG/PROJECT CLIEN/WEBSITE-YAYASAN-AL-HIDAYAH1/vendor/laravel/framework/src/Illuminate/Database/Console/Migrations/FreshCommand.php(66): Illuminate\\Database\\Migrations\\Migrator->usingConnection(NULL, Object(Closure))
#10 /Users/admin/Downloads/CODINGGG/PROJECT CLIEN/WEBSITE-YAYASAN-AL-HIDAYAH1/vendor/laravel/framework/src/Illuminate/Container/BoundMethod.php(36): Illuminate\\Database\\Console\\Migrations\\FreshCommand->handle()
#11 /Users/admin/Downloads/CODINGGG/PROJECT CLIEN/WEBSITE-YAYASAN-AL-HIDAYAH1/vendor/laravel/framework/src/Illuminate/Container/Util.php(43): Illuminate\\Container\\BoundMethod::{closure:Illuminate\\Container\\BoundMethod::call():35}()
#12 /Users/admin/Downloads/CODINGGG/PROJECT CLIEN/WEBSITE-YAYASAN-AL-HIDAYAH1/vendor/laravel/framework/src/Illuminate/Container/BoundMethod.php(96): Illuminate\\Container\\Util::unwrapIfClosure(Object(Closure))
#13 /Users/admin/Downloads/CODINGGG/PROJECT CLIEN/WEBSITE-YAYASAN-AL-HIDAYAH1/vendor/laravel/framework/src/Illuminate/Container/BoundMethod.php(35): Illuminate\\Container\\BoundMethod::callBoundMethod(Object(Illuminate\\Foundation\\Application), Array, Object(Closure))
#14 /Users/admin/Downloads/CODINGGG/PROJECT CLIEN/WEBSITE-YAYASAN-AL-HIDAYAH1/vendor/laravel/framework/src/Illuminate/Container/Container.php(799): Illuminate\\Container\\BoundMethod::call(Object(Illuminate\\Foundation\\Application), Array, Array, NULL)
#15 /Users/admin/Downloads/CODINGGG/PROJECT CLIEN/WEBSITE-YAYASAN-AL-HIDAYAH1/vendor/laravel/framework/src/Illuminate/Console/Command.php(211): Illuminate\\Container\\Container->call(Array)
#16 /Users/admin/Downloads/CODINGGG/PROJECT CLIEN/WEBSITE-YAYASAN-AL-HIDAYAH1/vendor/symfony/console/Command/Command.php(341): Illuminate\\Console\\Command->execute(Object(Symfony\\Component\\Console\\Input\\ArgvInput), Object(Illuminate\\Console\\OutputStyle))
#17 /Users/admin/Downloads/CODINGGG/PROJECT CLIEN/WEBSITE-YAYASAN-AL-HIDAYAH1/vendor/laravel/framework/src/Illuminate/Console/Command.php(180): Symfony\\Component\\Console\\Command\\Command->run(Object(Symfony\\Component\\Console\\Input\\ArgvInput), Object(Illuminate\\Console\\OutputStyle))
#18 /Users/admin/Downloads/CODINGGG/PROJECT CLIEN/WEBSITE-YAYASAN-AL-HIDAYAH1/vendor/symfony/console/Application.php(1117): Illuminate\\Console\\Command->run(Object(Symfony\\Component\\Console\\Input\\ArgvInput), Object(Symfony\\Component\\Console\\Output\\ConsoleOutput))
#19 /Users/admin/Downloads/CODINGGG/PROJECT CLIEN/WEBSITE-YAYASAN-AL-HIDAYAH1/vendor/symfony/console/Application.php(356): Symfony\\Component\\Console\\Application->doRunCommand(Object(Illuminate\\Database\\Console\\Migrations\\FreshCommand), Object(Symfony\\Component\\Console\\Input\\ArgvInput), Object(Symfony\\Component\\Console\\Output\\ConsoleOutput))
#20 /Users/admin/Downloads/CODINGGG/PROJECT CLIEN/WEBSITE-YAYASAN-AL-HIDAYAH1/vendor/symfony/console/Application.php(195): Symfony\\Component\\Console\\Application->doRun(Object(Symfony\\Component\\Console\\Input\\ArgvInput), Object(Symfony\\Component\\Console\\Output\\ConsoleOutput))
#21 /Users/admin/Downloads/CODINGGG/PROJECT CLIEN/WEBSITE-YAYASAN-AL-HIDAYAH1/vendor/laravel/framework/src/Illuminate/Foundation/Console/Kernel.php(198): Symfony\\Component\\Console\\Application->run(Object(Symfony\\Component\\Console\\Input\\ArgvInput), Object(Symfony\\Component\\Console\\Output\\ConsoleOutput))
#22 /Users/admin/Downloads/CODINGGG/PROJECT CLIEN/WEBSITE-YAYASAN-AL-HIDAYAH1/vendor/laravel/framework/src/Illuminate/Foundation/Application.php(1235): Illuminate\\Foundation\\Console\\Kernel->handle(Object(Symfony\\Component\\Console\\Input\\ArgvInput), Object(Symfony\\Component\\Console\\Output\\ConsoleOutput))
#23 /Users/admin/Downloads/CODINGGG/PROJECT CLIEN/WEBSITE-YAYASAN-AL-HIDAYAH1/artisan(16): Illuminate\\Foundation\\Application->handleCommand(Object(Symfony\\Component\\Console\\Input\\ArgvInput))
#24 {main}

[previous exception] [object] (Illuminate\\Database\\SQLiteDatabaseDoesNotExistException(code: 0): Database file at path [/Users/admin/Downloads/CODINGGG/PROJECT CLIEN/WEBSITE-YAYASAN-AL-HIDAYAH/database/database.sqlite] does not exist. Ensure this is an absolute path to the database. at /Users/admin/Downloads/CODINGGG/PROJECT CLIEN/WEBSITE-YAYASAN-AL-HIDAYAH1/vendor/laravel/framework/src/Illuminate/Database/Connectors/SQLiteConnector.php:60)
[stacktrace]
#0 /Users/admin/Downloads/CODINGGG/PROJECT CLIEN/WEBSITE-YAYASAN-AL-HIDAYAH1/vendor/laravel/framework/src/Illuminate/Database/Connectors/SQLiteConnector.php(19): Illuminate\\Database\\Connectors\\SQLiteConnector->parseDatabasePath(false)
#1 /Users/admin/Downloads/CODINGGG/PROJECT CLIEN/WEBSITE-YAYASAN-AL-HIDAYAH1/vendor/laravel/framework/src/Illuminate/Database/Connectors/ConnectionFactory.php(225): Illuminate\\Database\\Connectors\\SQLiteConnector->connect(Array)
#2 [internal function]: Illuminate\\Database\\Connectors\\ConnectionFactory->{closure:Illuminate\\Database\\Connectors\\ConnectionFactory::createPdoResolverWithoutHosts():225}()
#3 /Users/admin/Downloads/CODINGGG/PROJECT CLIEN/WEBSITE-YAYASAN-AL-HIDAYAH1/vendor/laravel/framework/src/Illuminate/Database/Connection.php(1257): call_user_func(Object(Closure))
#4 /Users/admin/Downloads/CODINGGG/PROJECT CLIEN/WEBSITE-YAYASAN-AL-HIDAYAH1/vendor/laravel/framework/src/Illuminate/Database/Connection.php(1295): Illuminate\\Database\\Connection->getPdo()
#5 /Users/admin/Downloads/CODINGGG/PROJECT CLIEN/WEBSITE-YAYASAN-AL-HIDAYAH1/vendor/laravel/framework/src/Illuminate/Database/Connection.php(525): Illuminate\\Database\\Connection->getReadPdo()
#6 /Users/admin/Downloads/CODINGGG/PROJECT CLIEN/WEBSITE-YAYASAN-AL-HIDAYAH1/vendor/laravel/framework/src/Illuminate/Database/Connection.php(420): Illuminate\\Database\\Connection->getPdoForSelect(true)
#7 /Users/admin/Downloads/CODINGGG/PROJECT CLIEN/WEBSITE-YAYASAN-AL-HIDAYAH1/vendor/laravel/framework/src/Illuminate/Database/Connection.php(827): Illuminate\\Database\\Connection->{closure:Illuminate\\Database\\Connection::select():411}('select exists (...', Array)
#8 /Users/admin/Downloads/CODINGGG/PROJECT CLIEN/WEBSITE-YAYASAN-AL-HIDAYAH1/vendor/laravel/framework/src/Illuminate/Database/Connection.php(794): Illuminate\\Database\\Connection->runQueryCallback('select exists (...', Array, Object(Closure))
#9 /Users/admin/Downloads/CODINGGG/PROJECT CLIEN/WEBSITE-YAYASAN-AL-HIDAYAH1/vendor/laravel/framework/src/Illuminate/Database/Connection.php(411): Illuminate\\Database\\Connection->run('select exists (...', Array, Object(Closure))
#10 /Users/admin/Downloads/CODINGGG/PROJECT CLIEN/WEBSITE-YAYASAN-AL-HIDAYAH1/vendor/laravel/framework/src/Illuminate/Database/Connection.php(357): Illuminate\\Database\\Connection->select('select exists (...', Array, true)
#11 /Users/admin/Downloads/CODINGGG/PROJECT CLIEN/WEBSITE-YAYASAN-AL-HIDAYAH1/vendor/laravel/framework/src/Illuminate/Database/Connection.php(374): Illuminate\\Database\\Connection->selectOne('select exists (...', Array, true)
#12 /Users/admin/Downloads/CODINGGG/PROJECT CLIEN/WEBSITE-YAYASAN-AL-HIDAYAH1/vendor/laravel/framework/src/Illuminate/Database/Schema/Builder.php(176): Illuminate\\Database\\Connection->scalar('select exists (...')
#13 /Users/admin/Downloads/CODINGGG/PROJECT CLIEN/WEBSITE-YAYASAN-AL-HIDAYAH1/vendor/laravel/framework/src/Illuminate/Database/Migrations/DatabaseMigrationRepository.php(185): Illuminate\\Database\\Schema\\Builder->hasTable('migrations')
#14 /Users/admin/Downloads/CODINGGG/PROJECT CLIEN/WEBSITE-YAYASAN-AL-HIDAYAH1/vendor/laravel/framework/src/Illuminate/Database/Migrations/Migrator.php(758): Illuminate\\Database\\Migrations\\DatabaseMigrationRepository->repositoryExists()
#15 /Users/admin/Downloads/CODINGGG/PROJECT CLIEN/WEBSITE-YAYASAN-AL-HIDAYAH1/vendor/laravel/framework/src/Illuminate/Database/Console/Migrations/FreshCommand.php(67): Illuminate\\Database\\Migrations\\Migrator->repositoryExists()
#16 /Users/admin/Downloads/CODINGGG/PROJECT CLIEN/WEBSITE-YAYASAN-AL-HIDAYAH1/vendor/laravel/framework/src/Illuminate/Database/Migrations/Migrator.php(671): Illuminate\\Database\\Console\\Migrations\\FreshCommand->{closure:Illuminate\\Database\\Console\\Migrations\\FreshCommand::handle():66}()
#17 /Users/admin/Downloads/CODINGGG/PROJECT CLIEN/WEBSITE-YAYASAN-AL-HIDAYAH1/vendor/laravel/framework/src/Illuminate/Database/Console/Migrations/FreshCommand.php(66): Illuminate\\Database\\Migrations\\Migrator->usingConnection(NULL, Object(Closure))
#18 /Users/admin/Downloads/CODINGGG/PROJECT CLIEN/WEBSITE-YAYASAN-AL-HIDAYAH1/vendor/laravel/framework/src/Illuminate/Container/BoundMethod.php(36): Illuminate\\Database\\Console\\Migrations\\FreshCommand->handle()
#19 /Users/admin/Downloads/CODINGGG/PROJECT CLIEN/WEBSITE-YAYASAN-AL-HIDAYAH1/vendor/laravel/framework/src/Illuminate/Container/Util.php(43): Illuminate\\Container\\BoundMethod::{closure:Illuminate\\Container\\BoundMethod::call():35}()
#20 /Users/admin/Downloads/CODINGGG/PROJECT CLIEN/WEBSITE-YAYASAN-AL-HIDAYAH1/vendor/laravel/framework/src/Illuminate/Container/BoundMethod.php(96): Illuminate\\Container\\Util::unwrapIfClosure(Object(Closure))
#21 /Users/admin/Downloads/CODINGGG/PROJECT CLIEN/WEBSITE-YAYASAN-AL-HIDAYAH1/vendor/laravel/framework/src/Illuminate/Container/BoundMethod.php(35): Illuminate\\Container\\BoundMethod::callBoundMethod(Object(Illuminate\\Foundation\\Application), Array, Object(Closure))
#22 /Users/admin/Downloads/CODINGGG/PROJECT CLIEN/WEBSITE-YAYASAN-AL-HIDAYAH1/vendor/laravel/framework/src/Illuminate/Container/Container.php(799): Illuminate\\Container\\BoundMethod::call(Object(Illuminate\\Foundation\\Application), Array, Array, NULL)
#23 /Users/admin/Downloads/CODINGGG/PROJECT CLIEN/WEBSITE-YAYASAN-AL-HIDAYAH1/vendor/laravel/framework/src/Illuminate/Console/Command.php(211): Illuminate\\Container\\Container->call(Array)
#24 /Users/admin/Downloads/CODINGGG/PROJECT CLIEN/WEBSITE-YAYASAN-AL-HIDAYAH1/vendor/symfony/console/Command/Command.php(341): Illuminate\\Console\\Command->execute(Object(Symfony\\Component\\Console\\Input\\ArgvInput), Object(Illuminate\\Console\\OutputStyle))
#25 /Users/admin/Downloads/CODINGGG/PROJECT CLIEN/WEBSITE-YAYASAN-AL-HIDAYAH1/vendor/laravel/framework/src/Illuminate/Console/Command.php(180): Symfony\\Component\\Console\\Command\\Command->run(Object(Symfony\\Component\\Console\\Input\\ArgvInput), Object(Illuminate\\Console\\OutputStyle))
#26 /Users/admin/Downloads/CODINGGG/PROJECT CLIEN/WEBSITE-YAYASAN-AL-HIDAYAH1/vendor/symfony/console/Application.php(1117): Illuminate\\Console\\Command->run(Object(Symfony\\Component\\Console\\Input\\ArgvInput), Object(Symfony\\Component\\Console\\Output\\ConsoleOutput))
#27 /Users/admin/Downloads/CODINGGG/PROJECT CLIEN/WEBSITE-YAYASAN-AL-HIDAYAH1/vendor/symfony/console/Application.php(356): Symfony\\Component\\Console\\Application->doRunCommand(Object(Illuminate\\Database\\Console\\Migrations\\FreshCommand), Object(Symfony\\Component\\Console\\Input\\ArgvInput), Object(Symfony\\Component\\Console\\Output\\ConsoleOutput))
#28 /Users/admin/Downloads/CODINGGG/PROJECT CLIEN/WEBSITE-YAYASAN-AL-HIDAYAH1/vendor/symfony/console/Application.php(195): Symfony\\Component\\Console\\Application->doRun(Object(Symfony\\Component\\Console\\Input\\ArgvInput), Object(Symfony\\Component\\Console\\Output\\ConsoleOutput))
#29 /Users/admin/Downloads/CODINGGG/PROJECT CLIEN/WEBSITE-YAYASAN-AL-HIDAYAH1/vendor/laravel/framework/src/Illuminate/Foundation/Console/Kernel.php(198): Symfony\\Component\\Console\\Application->run(Object(Symfony\\Component\\Console\\Input\\ArgvInput), Object(Symfony\\Component\\Console\\Output\\ConsoleOutput))
#30 /Users/admin/Downloads/CODINGGG/PROJECT CLIEN/WEBSITE-YAYASAN-AL-HIDAYAH1/vendor/laravel/framework/src/Illuminate/Foundation/Application.php(1235): Illuminate\\Foundation\\Console\\Kernel->handle(Object(Symfony\\Component\\Console\\Input\\ArgvInput), Object(Symfony\\Component\\Console\\Output\\ConsoleOutput))
#31 /Users/admin/Downloads/CODINGGG/PROJECT CLIEN/WEBSITE-YAYASAN-AL-HIDAYAH1/artisan(16): Illuminate\\Foundation\\Application->handleCommand(Object(Symfony\\Component\\Console\\Input\\ArgvInput))
#32 {main}
"} 
[2026-03-14 07:13:08] local.ERROR: Database file at path [/Users/admin/Downloads/CODINGGG/PROJECT CLIEN/WEBSITE-YAYASAN-AL-HIDAYAH/database/database.sqlite] does not exist. Ensure this is an absolute path to the database. (Connection: sqlite, Database: /Users/admin/Downloads/CODINGGG/PROJECT CLIEN/WEBSITE-YAYASAN-AL-HIDAYAH/database/database.sqlite, SQL: select * from "sessions" where "id" = s8uoLeRjuo4haAuVRyxkRqWmbu2qZ0M3AjmrOluR limit 1) {"exception":"[object] (Illuminate\\Database\\QueryException(code: 0): Database file at path [/Users/admin/Downloads/CODINGGG/PROJECT CLIEN/WEBSITE-YAYASAN-AL-HIDAYAH/database/database.sqlite] does not exist. Ensure this is an absolute path to the database. (Connection: sqlite, Database: /Users/admin/Downloads/CODINGGG/PROJECT CLIEN/WEBSITE-YAYASAN-AL-HIDAYAH/database/database.sqlite, SQL: select * from \"sessions\" where \"id\" = s8uoLeRjuo4haAuVRyxkRqWmbu2qZ0M3AjmrOluR limit 1) at /Users/admin/Downloads/CODINGGG/PROJECT CLIEN/WEBSITE-YAYASAN-AL-HIDAYAH1/vendor/laravel/framework/src/Illuminate/Database/Connection.php:838)
[stacktrace]
#0 /Users/admin/Downloads/CODINGGG/PROJECT CLIEN/WEBSITE-YAYASAN-AL-HIDAYAH1/vendor/laravel/framework/src/Illuminate/Database/Connection.php(794): Illuminate\\Database\\Connection->runQueryCallback('select * from \"...', Array, Object(Closure))
#1 /Users/admin/Downloads/CODINGGG/PROJECT CLIEN/WEBSITE-YAYASAN-AL-HIDAYAH1/vendor/laravel/framework/src/Illuminate/Database/Connection.php(411): Illuminate\\Database\\Connection->run('select * from \"...', Array, Object(Closure))
#2 /Users/admin/Downloads/CODINGGG/PROJECT CLIEN/WEBSITE-YAYASAN-AL-HIDAYAH1/vendor/laravel/framework/src/Illuminate/Database/Query/Builder.php(3475): Illuminate\\Database\\Connection->select('select * from \"...', Array, false)
#3 /Users/admin/Downloads/CODINGGG/PROJECT CLIEN/WEBSITE-YAYASAN-AL-HIDAYAH1/vendor/laravel/framework/src/Illuminate/Database/Query/Builder.php(3460): Illuminate\\Database\\Query\\Builder->runSelect()
#4 /Users/admin/Downloads/CODINGGG/PROJECT CLIEN/WEBSITE-YAYASAN-AL-HIDAYAH1/vendor/laravel/framework/src/Illuminate/Database/Query/Builder.php(4050): Illuminate\\Database\\Query\\Builder->{closure:Illuminate\\Database\\Query\\Builder::get():3459}()
#5 /Users/admin/Downloads/CODINGGG/PROJECT CLIEN/WEBSITE-YAYASAN-AL-HIDAYAH1/vendor/laravel/framework/src/Illuminate/Database/Query/Builder.php(3459): Illuminate\\Database\\Query\\Builder->onceWithColumns(Array, Object(Closure))
#6 /Users/admin/Downloads/CODINGGG/PROJECT CLIEN/WEBSITE-YAYASAN-AL-HIDAYAH1/vendor/laravel/framework/src/Illuminate/Database/Concerns/BuildsQueries.php(366): Illuminate\\Database\\Query\\Builder->get(Array)
#7 /Users/admin/Downloads/CODINGGG/PROJECT CLIEN/WEBSITE-YAYASAN-AL-HIDAYAH1/vendor/laravel/framework/src/Illuminate/Database/Query/Builder.php(3382): Illuminate\\Database\\Query\\Builder->first(Array)
#8 /Users/admin/Downloads/CODINGGG/PROJECT CLIEN/WEBSITE-YAYASAN-AL-HIDAYAH1/vendor/laravel/framework/src/Illuminate/Session/DatabaseSessionHandler.php(96): Illuminate\\Database\\Query\\Builder->find('s8uoLeRjuo4haAu...')
#9 /Users/admin/Downloads/CODINGGG/PROJECT CLIEN/WEBSITE-YAYASAN-AL-HIDAYAH1/vendor/laravel/framework/src/Illuminate/Session/Store.php(128): Illuminate\\Session\\DatabaseSessionHandler->read('s8uoLeRjuo4haAu...')
#10 /Users/admin/Downloads/CODINGGG/PROJECT CLIEN/WEBSITE-YAYASAN-AL-HIDAYAH1/vendor/laravel/framework/src/Illuminate/Session/Store.php(116): Illuminate\\Session\\Store->readFromHandler()
#11 /Users/admin/Downloads/CODINGGG/PROJECT CLIEN/WEBSITE-YAYASAN-AL-HIDAYAH1/vendor/laravel/framework/src/Illuminate/Session/Store.php(100): Illuminate\\Session\\Store->loadSession()
#12 /Users/admin/Downloads/CODINGGG/PROJECT CLIEN/WEBSITE-YAYASAN-AL-HIDAYAH1/vendor/laravel/framework/src/Illuminate/Session/Middleware/StartSession.php(146): Illuminate\\Session\\Store->start()
#13 /Users/admin/Downloads/CODINGGG/PROJECT CLIEN/WEBSITE-YAYASAN-AL-HIDAYAH1/vendor/laravel/framework/src/Illuminate/Support/helpers.php(388): Illuminate\\Session\\Middleware\\StartSession->{closure:Illuminate\\Session\\Middleware\\StartSession::startSession():143}(Object(Illuminate\\Session\\Store))
#14 /Users/admin/Downloads/CODINGGG/PROJECT CLIEN/WEBSITE-YAYASAN-AL-HIDAYAH1/vendor/laravel/framework/src/Illuminate/Session/Middleware/StartSession.php(143): tap(Object(Illuminate\\Session\\Store), Object(Closure))
#15 /Users/admin/Downloads/CODINGGG/PROJECT CLIEN/WEBSITE-YAYASAN-AL-HIDAYAH1/vendor/laravel/framework/src/Illuminate/Session/Middleware/StartSession.php(115): Illuminate\\Session\\Middleware\\StartSession->startSession(Object(Illuminate\\Http\\Request), Object(Illuminate\\Session\\Store))
#16 /Users/admin/Downloads/CODINGGG/PROJECT CLIEN/WEBSITE-YAYASAN-AL-HIDAYAH1/vendor/laravel/framework/src/Illuminate/Session/Middleware/StartSession.php(63): Illuminate\\Session\\Middleware\\StartSession->handleStatefulRequest(Object(Illuminate\\Http\\Request), Object(Illuminate\\Session\\Store), Object(Closure))
#17 /Users/admin/Downloads/CODINGGG/PROJECT CLIEN/WEBSITE-YAYASAN-AL-HIDAYAH1/vendor/laravel/framework/src/Illuminate/Pipeline/Pipeline.php(219): Illuminate\\Session\\Middleware\\StartSession->handle(Object(Illuminate\\Http\\Request), Object(Closure))
#18 /Users/admin/Downloads/CODINGGG/PROJECT CLIEN/WEBSITE-YAYASAN-AL-HIDAYAH1/vendor/laravel/framework/src/Illuminate/Cookie/Middleware/AddQueuedCookiesToResponse.php(36): Illuminate\\Pipeline\\Pipeline->{closure:{closure:Illuminate\\Pipeline\\Pipeline::carry():194}:195}(Object(Illuminate\\Http\\Request))
#19 /Users/admin/Downloads/CODINGGG/PROJECT CLIEN/WEBSITE-YAYASAN-AL-HIDAYAH1/vendor/laravel/framework/src/Illuminate/Pipeline/Pipeline.php(219): Illuminate\\Cookie\\Middleware\\AddQueuedCookiesToResponse->handle(Object(Illuminate\\Http\\Request), Object(Closure))
#20 /Users/admin/Downloads/CODINGGG/PROJECT CLIEN/WEBSITE-YAYASAN-AL-HIDAYAH1/vendor/laravel/framework/src/Illuminate/Cookie/Middleware/EncryptCookies.php(74): Illuminate\\Pipeline\\Pipeline->{closure:{closure:Illuminate\\Pipeline\\Pipeline::carry():194}:195}(Object(Illuminate\\Http\\Request))
#21 /Users/admin/Downloads/CODINGGG/PROJECT CLIEN/WEBSITE-YAYASAN-AL-HIDAYAH1/vendor/laravel/framework/src/Illuminate/Pipeline/Pipeline.php(219): Illuminate\\Cookie\\Middleware\\EncryptCookies->handle(Object(Illuminate\\Http\\Request), Object(Closure))
#22 /Users/admin/Downloads/CODINGGG/PROJECT CLIEN/WEBSITE-YAYASAN-AL-HIDAYAH1/vendor/laravel/framework/src/Illuminate/Pipeline/Pipeline.php(137): Illuminate\\Pipeline\\Pipeline->{closure:{closure:Illuminate\\Pipeline\\Pipeline::carry():194}:195}(Object(Illuminate\\Http\\Request))
#23 /Users/admin/Downloads/CODINGGG/PROJECT CLIEN/WEBSITE-YAYASAN-AL-HIDAYAH1/vendor/laravel/framework/src/Illuminate/Routing/Router.php(821): Illuminate\\Pipeline\\Pipeline->then(Object(Closure))
#24 /Users/admin/Downloads/CODINGGG/PROJECT CLIEN/WEBSITE-YAYASAN-AL-HIDAYAH1/vendor/laravel/framework/src/Illuminate/Routing/Router.php(800): Illuminate\\Routing\\Router->runRouteWithinStack(Object(Illuminate\\Routing\\Route), Object(Illuminate\\Http\\Request))
#25 /Users/admin/Downloads/CODINGGG/PROJECT CLIEN/WEBSITE-YAYASAN-AL-HIDAYAH1/vendor/laravel/framework/src/Illuminate/Routing/Router.php(764): Illuminate\\Routing\\Router->runRoute(Object(Illuminate\\Http\\Request), Object(Illuminate\\Routing\\Route))
#26 /Users/admin/Downloads/CODINGGG/PROJECT CLIEN/WEBSITE-YAYASAN-AL-HIDAYAH1/vendor/laravel/framework/src/Illuminate/Routing/Router.php(753): Illuminate\\Routing\\Router->dispatchToRoute(Object(Illuminate\\Http\\Request))
#27 /Users/admin/Downloads/CODINGGG/PROJECT CLIEN/WEBSITE-YAYASAN-AL-HIDAYAH1/vendor/laravel/framework/src/Illuminate/Foundation/Http/Kernel.php(200): Illuminate\\Routing\\Router->dispatch(Object(Illuminate\\Http\\Request))
#28 /Users/admin/Downloads/CODINGGG/PROJECT CLIEN/WEBSITE-YAYASAN-AL-HIDAYAH1/vendor/laravel/framework/src/Illuminate/Pipeline/Pipeline.php(180): Illuminate\\Foundation\\Http\\Kernel->{closure:Illuminate\\Foundation\\Http\\Kernel::dispatchToRouter():197}(Object(Illuminate\\Http\\Request))
#29 /Users/admin/Downloads/CODINGGG/PROJECT CLIEN/WEBSITE-YAYASAN-AL-HIDAYAH1/vendor/laravel/framework/src/Illuminate/Foundation/Http/Middleware/TransformsRequest.php(21): Illuminate\\Pipeline\\Pipeline->{closure:Illuminate\\Pipeline\\Pipeline::prepareDestination():178}(Object(Illuminate\\Http\\Request))
#30 /Users/admin/Downloads/CODINGGG/PROJECT CLIEN/WEBSITE-YAYASAN-AL-HIDAYAH1/vendor/laravel/framework/src/Illuminate/Foundation/Http/Middleware/ConvertEmptyStringsToNull.php(31): Illuminate\\Foundation\\Http\\Middleware\\TransformsRequest->handle(Object(Illuminate\\Http\\Request), Object(Closure))
#31 /Users/admin/Downloads/CODINGGG/PROJECT CLIEN/WEBSITE-YAYASAN-AL-HIDAYAH1/vendor/laravel/framework/src/Illuminate/Pipeline/Pipeline.php(219): Illuminate\\Foundation\\Http\\Middleware\\ConvertEmptyStringsToNull->handle(Object(Illuminate\\Http\\Request), Object(Closure))
#32 /Users/admin/Downloads/CODINGGG/PROJECT CLIEN/WEBSITE-YAYASAN-AL-HIDAYAH1/vendor/laravel/framework/src/Illuminate/Foundation/Http/Middleware/TransformsRequest.php(21): Illuminate\\Pipeline\\Pipeline->{closure:{closure:Illuminate\\Pipeline\\Pipeline::carry():194}:195}(Object(Illuminate\\Http\\Request))
#33 /Users/admin/Downloads/CODINGGG/PROJECT CLIEN/WEBSITE-YAYASAN-AL-HIDAYAH1/vendor/laravel/framework/src/Illuminate/Foundation/Http/Middleware/TrimStrings.php(51): Illuminate\\Foundation\\Http\\Middleware\\TransformsRequest->handle(Object(Illuminate\\Http\\Request), Object(Closure))
#34 /Users/admin/Downloads/CODINGGG/PROJECT CLIEN/WEBSITE-YAYASAN-AL-HIDAYAH1/vendor/laravel/framework/src/Illuminate/Pipeline/Pipeline.php(219): Illuminate\\Foundation\\Http\\Middleware\\TrimStrings->handle(Object(Illuminate\\Http\\Request), Object(Closure))
#35 /Users/admin/Downloads/CODINGGG/PROJECT CLIEN/WEBSITE-YAYASAN-AL-HIDAYAH1/vendor/laravel/framework/src/Illuminate/Http/Middleware/ValidatePostSize.php(27): Illuminate\\Pipeline\\Pipeline->{closure:{closure:Illuminate\\Pipeline\\Pipeline::carry():194}:195}(Object(Illuminate\\Http\\Request))
#36 /Users/admin/Downloads/CODINGGG/PROJECT CLIEN/WEBSITE-YAYASAN-AL-HIDAYAH1/vendor/laravel/framework/src/Illuminate/Pipeline/Pipeline.php(219): Illuminate\\Http\\Middleware\\ValidatePostSize->handle(Object(Illuminate\\Http\\Request), Object(Closure))
#37 /Users/admin/Downloads/CODINGGG/PROJECT CLIEN/WEBSITE-YAYASAN-AL-HIDAYAH1/vendor/laravel/framework/src/Illuminate/Foundation/Http/Middleware/PreventRequestsDuringMaintenance.php(109): Illuminate\\Pipeline\\Pipeline->{closure:{closure:Illuminate\\Pipeline\\Pipeline::carry():194}:195}(Object(Illuminate\\Http\\Request))
#38 /Users/admin/Downloads/CODINGGG/PROJECT CLIEN/WEBSITE-YAYASAN-AL-HIDAYAH1/vendor/laravel/framework/src/Illuminate/Pipeline/Pipeline.php(219): Illuminate\\Foundation\\Http\\Middleware\\PreventRequestsDuringMaintenance->handle(Object(Illuminate\\Http\\Request), Object(Closure))
#39 /Users/admin/Downloads/CODINGGG/PROJECT CLIEN/WEBSITE-YAYASAN-AL-HIDAYAH1/vendor/laravel/framework/src/Illuminate/Http/Middleware/HandleCors.php(61): Illuminate\\Pipeline\\Pipeline->{closure:{closure:Illuminate\\Pipeline\\Pipeline::carry():194}:195}(Object(Illuminate\\Http\\Request))
#40 /Users/admin/Downloads/CODINGGG/PROJECT CLIEN/WEBSITE-YAYASAN-AL-HIDAYAH1/vendor/laravel/framework/src/Illuminate/Pipeline/Pipeline.php(219): Illuminate\\Http\\Middleware\\HandleCors->handle(Object(Illuminate\\Http\\Request), Object(Closure))
#41 /Users/admin/Downloads/CODINGGG/PROJECT CLIEN/WEBSITE-YAYASAN-AL-HIDAYAH1/vendor/laravel/framework/src/Illuminate/Http/Middleware/TrustProxies.php(58): Illuminate\\Pipeline\\Pipeline->{closure:{closure:Illuminate\\Pipeline\\Pipeline::carry():194}:195}(Object(Illuminate\\Http\\Request))
#42 /Users/admin/Downloads/CODINGGG/PROJECT CLIEN/WEBSITE-YAYASAN-AL-HIDAYAH1/vendor/laravel/framework/src/Illuminate/Pipeline/Pipeline.php(219): Illuminate\\Http\\Middleware\\TrustProxies->handle(Object(Illuminate\\Http\\Request), Object(Closure))
#43 /Users/admin/Downloads/CODINGGG/PROJECT CLIEN/WEBSITE-YAYASAN-AL-HIDAYAH1/vendor/laravel/framework/src/Illuminate/Foundation/Http/Middleware/InvokeDeferredCallbacks.php(22): Illuminate\\Pipeline\\Pipeline->{closure:{closure:Illuminate\\Pipeline\\Pipeline::carry():194}:195}(Object(Illuminate\\Http\\Request))
#44 /Users/admin/Downloads/CODINGGG/PROJECT CLIEN/WEBSITE-YAYASAN-AL-HIDAYAH1/vendor/laravel/framework/src/Illuminate/Pipeline/Pipeline.php(219): Illuminate\\Foundation\\Http\\Middleware\\InvokeDeferredCallbacks->handle(Object(Illuminate\\Http\\Request), Object(Closure))
#45 /Users/admin/Downloads/CODINGGG/PROJECT CLIEN/WEBSITE-YAYASAN-AL-HIDAYAH1/vendor/laravel/framework/src/Illuminate/Http/Middleware/ValidatePathEncoding.php(26): Illuminate\\Pipeline\\Pipeline->{closure:{closure:Illuminate\\Pipeline\\Pipeline::carry():194}:195}(Object(Illuminate\\Http\\Request))
#46 /Users/admin/Downloads/CODINGGG/PROJECT CLIEN/WEBSITE-YAYASAN-AL-HIDAYAH1/vendor/laravel/framework/src/Illuminate/Pipeline/Pipeline.php(219): Illuminate\\Http\\Middleware\\ValidatePathEncoding->handle(Object(Illuminate\\Http\\Request), Object(Closure))
#47 /Users/admin/Downloads/CODINGGG/PROJECT CLIEN/WEBSITE-YAYASAN-AL-HIDAYAH1/vendor/laravel/framework/src/Illuminate/Pipeline/Pipeline.php(137): Illuminate\\Pipeline\\Pipeline->{closure:{closure:Illuminate\\Pipeline\\Pipeline::carry():194}:195}(Object(Illuminate\\Http\\Request))
#48 /Users/admin/Downloads/CODINGGG/PROJECT CLIEN/WEBSITE-YAYASAN-AL-HIDAYAH1/vendor/laravel/framework/src/Illuminate/Foundation/Http/Kernel.php(175): Illuminate\\Pipeline\\Pipeline->then(Object(Closure))
#49 /Users/admin/Downloads/CODINGGG/PROJECT CLIEN/WEBSITE-YAYASAN-AL-HIDAYAH1/vendor/laravel/framework/src/Illuminate/Foundation/Http/Kernel.php(144): Illuminate\\Foundation\\Http\\Kernel->sendRequestThroughRouter(Object(Illuminate\\Http\\Request))
#50 /Users/admin/Downloads/CODINGGG/PROJECT CLIEN/WEBSITE-YAYASAN-AL-HIDAYAH1/vendor/laravel/framework/src/Illuminate/Foundation/Application.php(1220): Illuminate\\Foundation\\Http\\Kernel->handle(Object(Illuminate\\Http\\Request))
#51 /Users/admin/Downloads/CODINGGG/PROJECT CLIEN/WEBSITE-YAYASAN-AL-HIDAYAH1/public/index.php(20): Illuminate\\Foundation\\Application->handleRequest(Object(Illuminate\\Http\\Request))
#52 /Users/admin/Downloads/CODINGGG/PROJECT CLIEN/WEBSITE-YAYASAN-AL-HIDAYAH1/vendor/laravel/framework/src/Illuminate/Foundation/resources/server.php(23): require_once('/Users/admin/Do...')
#53 {main}

[previous exception] [object] (Illuminate\\Database\\SQLiteDatabaseDoesNotExistException(code: 0): Database file at path [/Users/admin/Downloads/CODINGGG/PROJECT CLIEN/WEBSITE-YAYASAN-AL-HIDAYAH/database/database.sqlite] does not exist. Ensure this is an absolute path to the database. at /Users/admin/Downloads/CODINGGG/PROJECT CLIEN/WEBSITE-YAYASAN-AL-HIDAYAH1/vendor/laravel/framework/src/Illuminate/Database/Connectors/SQLiteConnector.php:60)
[stacktrace]
#0 /Users/admin/Downloads/CODINGGG/PROJECT CLIEN/WEBSITE-YAYASAN-AL-HIDAYAH1/vendor/laravel/framework/src/Illuminate/Database/Connectors/SQLiteConnector.php(19): Illuminate\\Database\\Connectors\\SQLiteConnector->parseDatabasePath(false)
#1 /Users/admin/Downloads/CODINGGG/PROJECT CLIEN/WEBSITE-YAYASAN-AL-HIDAYAH1/vendor/laravel/framework/src/Illuminate/Database/Connectors/ConnectionFactory.php(225): Illuminate\\Database\\Connectors\\SQLiteConnector->connect(Array)
#2 [internal function]: Illuminate\\Database\\Connectors\\ConnectionFactory->{closure:Illuminate\\Database\\Connectors\\ConnectionFactory::createPdoResolverWithoutHosts():225}()
#3 /Users/admin/Downloads/CODINGGG/PROJECT CLIEN/WEBSITE-YAYASAN-AL-HIDAYAH1/vendor/laravel/framework/src/Illuminate/Database/Connection.php(1257): call_user_func(Object(Closure))
#4 /Users/admin/Downloads/CODINGGG/PROJECT CLIEN/WEBSITE-YAYASAN-AL-HIDAYAH1/vendor/laravel/framework/src/Illuminate/Database/Connection.php(525): Illuminate\\Database\\Connection->getPdo()
#5 /Users/admin/Downloads/CODINGGG/PROJECT CLIEN/WEBSITE-YAYASAN-AL-HIDAYAH1/vendor/laravel/framework/src/Illuminate/Database/Connection.php(420): Illuminate\\Database\\Connection->getPdoForSelect(false)
#6 /Users/admin/Downloads/CODINGGG/PROJECT CLIEN/WEBSITE-YAYASAN-AL-HIDAYAH1/vendor/laravel/framework/src/Illuminate/Database/Connection.php(827): Illuminate\\Database\\Connection->{closure:Illuminate\\Database\\Connection::select():411}('select * from \"...', Array)
#7 /Users/admin/Downloads/CODINGGG/PROJECT CLIEN/WEBSITE-YAYASAN-AL-HIDAYAH1/vendor/laravel/framework/src/Illuminate/Database/Connection.php(794): Illuminate\\Database\\Connection->runQueryCallback('select * from \"...', Array, Object(Closure))
#8 /Users/admin/Downloads/CODINGGG/PROJECT CLIEN/WEBSITE-YAYASAN-AL-HIDAYAH1/vendor/laravel/framework/src/Illuminate/Database/Connection.php(411): Illuminate\\Database\\Connection->run('select * from \"...', Array, Object(Closure))
#9 /Users/admin/Downloads/CODINGGG/PROJECT CLIEN/WEBSITE-YAYASAN-AL-HIDAYAH1/vendor/laravel/framework/src/Illuminate/Database/Query/Builder.php(3475): Illuminate\\Database\\Connection->select('select * from \"...', Array, false)
#10 /Users/admin/Downloads/CODINGGG/PROJECT CLIEN/WEBSITE-YAYASAN-AL-HIDAYAH1/vendor/laravel/framework/src/Illuminate/Database/Query/Builder.php(3460): Illuminate\\Database\\Query\\Builder->runSelect()
#11 /Users/admin/Downloads/CODINGGG/PROJECT CLIEN/WEBSITE-YAYASAN-AL-HIDAYAH1/vendor/laravel/framework/src/Illuminate/Database/Query/Builder.php(4050): Illuminate\\Database\\Query\\Builder->{closure:Illuminate\\Database\\Query\\Builder::get():3459}()
#12 /Users/admin/Downloads/CODINGGG/PROJECT CLIEN/WEBSITE-YAYASAN-AL-HIDAYAH1/vendor/laravel/framework/src/Illuminate/Database/Query/Builder.php(3459): Illuminate\\Database\\Query\\Builder->onceWithColumns(Array, Object(Closure))
#13 /Users/admin/Downloads/CODINGGG/PROJECT CLIEN/WEBSITE-YAYASAN-AL-HIDAYAH1/vendor/laravel/framework/src/Illuminate/Database/Concerns/BuildsQueries.php(366): Illuminate\\Database\\Query\\Builder->get(Array)
#14 /Users/admin/Downloads/CODINGGG/PROJECT CLIEN/WEBSITE-YAYASAN-AL-HIDAYAH1/vendor/laravel/framework/src/Illuminate/Database/Query/Builder.php(3382): Illuminate\\Database\\Query\\Builder->first(Array)
#15 /Users/admin/Downloads/CODINGGG/PROJECT CLIEN/WEBSITE-YAYASAN-AL-HIDAYAH1/vendor/laravel/framework/src/Illuminate/Session/DatabaseSessionHandler.php(96): Illuminate\\Database\\Query\\Builder->find('s8uoLeRjuo4haAu...')
#16 /Users/admin/Downloads/CODINGGG/PROJECT CLIEN/WEBSITE-YAYASAN-AL-HIDAYAH1/vendor/laravel/framework/src/Illuminate/Session/Store.php(128): Illuminate\\Session\\DatabaseSessionHandler->read('s8uoLeRjuo4haAu...')
#17 /Users/admin/Downloads/CODINGGG/PROJECT CLIEN/WEBSITE-YAYASAN-AL-HIDAYAH1/vendor/laravel/framework/src/Illuminate/Session/Store.php(116): Illuminate\\Session\\Store->readFromHandler()
#18 /Users/admin/Downloads/CODINGGG/PROJECT CLIEN/WEBSITE-YAYASAN-AL-HIDAYAH1/vendor/laravel/framework/src/Illuminate/Session/Store.php(100): Illuminate\\Session\\Store->loadSession()
#19 /Users/admin/Downloads/CODINGGG/PROJECT CLIEN/WEBSITE-YAYASAN-AL-HIDAYAH1/vendor/laravel/framework/src/Illuminate/Session/Middleware/StartSession.php(146): Illuminate\\Session\\Store->start()
#20 /Users/admin/Downloads/CODINGGG/PROJECT CLIEN/WEBSITE-YAYASAN-AL-HIDAYAH1/vendor/laravel/framework/src/Illuminate/Support/helpers.php(388): Illuminate\\Session\\Middleware\\StartSession->{closure:Illuminate\\Session\\Middleware\\StartSession::startSession():143}(Object(Illuminate\\Session\\Store))
#21 /Users/admin/Downloads/CODINGGG/PROJECT CLIEN/WEBSITE-YAYASAN-AL-HIDAYAH1/vendor/laravel/framework/src/Illuminate/Session/Middleware/StartSession.php(143): tap(Object(Illuminate\\Session\\Store), Object(Closure))
#22 /Users/admin/Downloads/CODINGGG/PROJECT CLIEN/WEBSITE-YAYASAN-AL-HIDAYAH1/vendor/laravel/framework/src/Illuminate/Session/Middleware/StartSession.php(115): Illuminate\\Session\\Middleware\\StartSession->startSession(Object(Illuminate\\Http\\Request), Object(Illuminate\\Session\\Store))
#23 /Users/admin/Downloads/CODINGGG/PROJECT CLIEN/WEBSITE-YAYASAN-AL-HIDAYAH1/vendor/laravel/framework/src/Illuminate/Session/Middleware/StartSession.php(63): Illuminate\\Session\\Middleware\\StartSession->handleStatefulRequest(Object(Illuminate\\Http\\Request), Object(Illuminate\\Session\\Store), Object(Closure))
#24 /Users/admin/Downloads/CODINGGG/PROJECT CLIEN/WEBSITE-YAYASAN-AL-HIDAYAH1/vendor/laravel/framework/src/Illuminate/Pipeline/Pipeline.php(219): Illuminate\\Session\\Middleware\\StartSession->handle(Object(Illuminate\\Http\\Request), Object(Closure))
#25 /Users/admin/Downloads/CODINGGG/PROJECT CLIEN/WEBSITE-YAYASAN-AL-HIDAYAH1/vendor/laravel/framework/src/Illuminate/Cookie/Middleware/AddQueuedCookiesToResponse.php(36): Illuminate\\Pipeline\\Pipeline->{closure:{closure:Illuminate\\Pipeline\\Pipeline::carry():194}:195}(Object(Illuminate\\Http\\Request))
#26 /Users/admin/Downloads/CODINGGG/PROJECT CLIEN/WEBSITE-YAYASAN-AL-HIDAYAH1/vendor/laravel/framework/src/Illuminate/Pipeline/Pipeline.php(219): Illuminate\\Cookie\\Middleware\\AddQueuedCookiesToResponse->handle(Object(Illuminate\\Http\\Request), Object(Closure))
#27 /Users/admin/Downloads/CODINGGG/PROJECT CLIEN/WEBSITE-YAYASAN-AL-HIDAYAH1/vendor/laravel/framework/src/Illuminate/Cookie/Middleware/EncryptCookies.php(74): Illuminate\\Pipeline\\Pipeline->{closure:{closure:Illuminate\\Pipeline\\Pipeline::carry():194}:195}(Object(Illuminate\\Http\\Request))
#28 /Users/admin/Downloads/CODINGGG/PROJECT CLIEN/WEBSITE-YAYASAN-AL-HIDAYAH1/vendor/laravel/framework/src/Illuminate/Pipeline/Pipeline.php(219): Illuminate\\Cookie\\Middleware\\EncryptCookies->handle(Object(Illuminate\\Http\\Request), Object(Closure))
#29 /Users/admin/Downloads/CODINGGG/PROJECT CLIEN/WEBSITE-YAYASAN-AL-HIDAYAH1/vendor/laravel/framework/src/Illuminate/Pipeline/Pipeline.php(137): Illuminate\\Pipeline\\Pipeline->{closure:{closure:Illuminate\\Pipeline\\Pipeline::carry():194}:195}(Object(Illuminate\\Http\\Request))
#30 /Users/admin/Downloads/CODINGGG/PROJECT CLIEN/WEBSITE-YAYASAN-AL-HIDAYAH1/vendor/laravel/framework/src/Illuminate/Routing/Router.php(821): Illuminate\\Pipeline\\Pipeline->then(Object(Closure))
#31 /Users/admin/Downloads/CODINGGG/PROJECT CLIEN/WEBSITE-YAYASAN-AL-HIDAYAH1/vendor/laravel/framework/src/Illuminate/Routing/Router.php(800): Illuminate\\Routing\\Router->runRouteWithinStack(Object(Illuminate\\Routing\\Route), Object(Illuminate\\Http\\Request))
#32 /Users/admin/Downloads/CODINGGG/PROJECT CLIEN/WEBSITE-YAYASAN-AL-HIDAYAH1/vendor/laravel/framework/src/Illuminate/Routing/Router.php(764): Illuminate\\Routing\\Router->runRoute(Object(Illuminate\\Http\\Request), Object(Illuminate\\Routing\\Route))
#33 /Users/admin/Downloads/CODINGGG/PROJECT CLIEN/WEBSITE-YAYASAN-AL-HIDAYAH1/vendor/laravel/framework/src/Illuminate/Routing/Router.php(753): Illuminate\\Routing\\Router->dispatchToRoute(Object(Illuminate\\Http\\Request))
#34 /Users/admin/Downloads/CODINGGG/PROJECT CLIEN/WEBSITE-YAYASAN-AL-HIDAYAH1/vendor/laravel/framework/src/Illuminate/Foundation/Http/Kernel.php(200): Illuminate\\Routing\\Router->dispatch(Object(Illuminate\\Http\\Request))
#35 /Users/admin/Downloads/CODINGGG/PROJECT CLIEN/WEBSITE-YAYASAN-AL-HIDAYAH1/vendor/laravel/framework/src/Illuminate/Pipeline/Pipeline.php(180): Illuminate\\Foundation\\Http\\Kernel->{closure:Illuminate\\Foundation\\Http\\Kernel::dispatchToRouter():197}(Object(Illuminate\\Http\\Request))
#36 /Users/admin/Downloads/CODINGGG/PROJECT CLIEN/WEBSITE-YAYASAN-AL-HIDAYAH1/vendor/laravel/framework/src/Illuminate/Foundation/Http/Middleware/TransformsRequest.php(21): Illuminate\\Pipeline\\Pipeline->{closure:Illuminate\\Pipeline\\Pipeline::prepareDestination():178}(Object(Illuminate\\Http\\Request))
#37 /Users/admin/Downloads/CODINGGG/PROJECT CLIEN/WEBSITE-YAYASAN-AL-HIDAYAH1/vendor/laravel/framework/src/Illuminate/Foundation/Http/Middleware/ConvertEmptyStringsToNull.php(31): Illuminate\\Foundation\\Http\\Middleware\\TransformsRequest->handle(Object(Illuminate\\Http\\Request), Object(Closure))
#38 /Users/admin/Downloads/CODINGGG/PROJECT CLIEN/WEBSITE-YAYASAN-AL-HIDAYAH1/vendor/laravel/framework/src/Illuminate/Pipeline/Pipeline.php(219): Illuminate\\Foundation\\Http\\Middleware\\ConvertEmptyStringsToNull->handle(Object(Illuminate\\Http\\Request), Object(Closure))
#39 /Users/admin/Downloads/CODINGGG/PROJECT CLIEN/WEBSITE-YAYASAN-AL-HIDAYAH1/vendor/laravel/framework/src/Illuminate/Foundation/Http/Middleware/TransformsRequest.php(21): Illuminate\\Pipeline\\Pipeline->{closure:{closure:Illuminate\\Pipeline\\Pipeline::carry():194}:195}(Object(Illuminate\\Http\\Request))
#40 /Users/admin/Downloads/CODINGGG/PROJECT CLIEN/WEBSITE-YAYASAN-AL-HIDAYAH1/vendor/laravel/framework/src/Illuminate/Foundation/Http/Middleware/TrimStrings.php(51): Illuminate\\Foundation\\Http\\Middleware\\TransformsRequest->handle(Object(Illuminate\\Http\\Request), Object(Closure))
#41 /Users/admin/Downloads/CODINGGG/PROJECT CLIEN/WEBSITE-YAYASAN-AL-HIDAYAH1/vendor/laravel/framework/src/Illuminate/Pipeline/Pipeline.php(219): Illuminate\\Foundation\\Http\\Middleware\\TrimStrings->handle(Object(Illuminate\\Http\\Request), Object(Closure))
#42 /Users/admin/Downloads/CODINGGG/PROJECT CLIEN/WEBSITE-YAYASAN-AL-HIDAYAH1/vendor/laravel/framework/src/Illuminate/Http/Middleware/ValidatePostSize.php(27): Illuminate\\Pipeline\\Pipeline->{closure:{closure:Illuminate\\Pipeline\\Pipeline::carry():194}:195}(Object(Illuminate\\Http\\Request))
#43 /Users/admin/Downloads/CODINGGG/PROJECT CLIEN/WEBSITE-YAYASAN-AL-HIDAYAH1/vendor/laravel/framework/src/Illuminate/Pipeline/Pipeline.php(219): Illuminate\\Http\\Middleware\\ValidatePostSize->handle(Object(Illuminate\\Http\\Request), Object(Closure))
#44 /Users/admin/Downloads/CODINGGG/PROJECT CLIEN/WEBSITE-YAYASAN-AL-HIDAYAH1/vendor/laravel/framework/src/Illuminate/Foundation/Http/Middleware/PreventRequestsDuringMaintenance.php(109): Illuminate\\Pipeline\\Pipeline->{closure:{closure:Illuminate\\Pipeline\\Pipeline::carry():194}:195}(Object(Illuminate\\Http\\Request))
#45 /Users/admin/Downloads/CODINGGG/PROJECT CLIEN/WEBSITE-YAYASAN-AL-HIDAYAH1/vendor/laravel/framework/src/Illuminate/Pipeline/Pipeline.php(219): Illuminate\\Foundation\\Http\\Middleware\\PreventRequestsDuringMaintenance->handle(Object(Illuminate\\Http\\Request), Object(Closure))
#46 /Users/admin/Downloads/CODINGGG/PROJECT CLIEN/WEBSITE-YAYASAN-AL-HIDAYAH1/vendor/laravel/framework/src/Illuminate/Http/Middleware/HandleCors.php(61): Illuminate\\Pipeline\\Pipeline->{closure:{closure:Illuminate\\Pipeline\\Pipeline::carry():194}:195}(Object(Illuminate\\Http\\Request))
#47 /Users/admin/Downloads/CODINGGG/PROJECT CLIEN/WEBSITE-YAYASAN-AL-HIDAYAH1/vendor/laravel/framework/src/Illuminate/Pipeline/Pipeline.php(219): Illuminate\\Http\\Middleware\\HandleCors->handle(Object(Illuminate\\Http\\Request), Object(Closure))
#48 /Users/admin/Downloads/CODINGGG/PROJECT CLIEN/WEBSITE-YAYASAN-AL-HIDAYAH1/vendor/laravel/framework/src/Illuminate/Http/Middleware/TrustProxies.php(58): Illuminate\\Pipeline\\Pipeline->{closure:{closure:Illuminate\\Pipeline\\Pipeline::carry():194}:195}(Object(Illuminate\\Http\\Request))
#49 /Users/admin/Downloads/CODINGGG/PROJECT CLIEN/WEBSITE-YAYASAN-AL-HIDAYAH1/vendor/laravel/framework/src/Illuminate/Pipeline/Pipeline.php(219): Illuminate\\Http\\Middleware\\TrustProxies->handle(Object(Illuminate\\Http\\Request), Object(Closure))
#50 /Users/admin/Downloads/CODINGGG/PROJECT CLIEN/WEBSITE-YAYASAN-AL-HIDAYAH1/vendor/laravel/framework/src/Illuminate/Foundation/Http/Middleware/InvokeDeferredCallbacks.php(22): Illuminate\\Pipeline\\Pipeline->{closure:{closure:Illuminate\\Pipeline\\Pipeline::carry():194}:195}(Object(Illuminate\\Http\\Request))
#51 /Users/admin/Downloads/CODINGGG/PROJECT CLIEN/WEBSITE-YAYASAN-AL-HIDAYAH1/vendor/laravel/framework/src/Illuminate/Pipeline/Pipeline.php(219): Illuminate\\Foundation\\Http\\Middleware\\InvokeDeferredCallbacks->handle(Object(Illuminate\\Http\\Request), Object(Closure))
#52 /Users/admin/Downloads/CODINGGG/PROJECT CLIEN/WEBSITE-YAYASAN-AL-HIDAYAH1/vendor/laravel/framework/src/Illuminate/Http/Middleware/ValidatePathEncoding.php(26): Illuminate\\Pipeline\\Pipeline->{closure:{closure:Illuminate\\Pipeline\\Pipeline::carry():194}:195}(Object(Illuminate\\Http\\Request))
#53 /Users/admin/Downloads/CODINGGG/PROJECT CLIEN/WEBSITE-YAYASAN-AL-HIDAYAH1/vendor/laravel/framework/src/Illuminate/Pipeline/Pipeline.php(219): Illuminate\\Http\\Middleware\\ValidatePathEncoding->handle(Object(Illuminate\\Http\\Request), Object(Closure))
#54 /Users/admin/Downloads/CODINGGG/PROJECT CLIEN/WEBSITE-YAYASAN-AL-HIDAYAH1/vendor/laravel/framework/src/Illuminate/Pipeline/Pipeline.php(137): Illuminate\\Pipeline\\Pipeline->{closure:{closure:Illuminate\\Pipeline\\Pipeline::carry():194}:195}(Object(Illuminate\\Http\\Request))
#55 /Users/admin/Downloads/CODINGGG/PROJECT CLIEN/WEBSITE-YAYASAN-AL-HIDAYAH1/vendor/laravel/framework/src/Illuminate/Foundation/Http/Kernel.php(175): Illuminate\\Pipeline\\Pipeline->then(Object(Closure))
#56 /Users/admin/Downloads/CODINGGG/PROJECT CLIEN/WEBSITE-YAYASAN-AL-HIDAYAH1/vendor/laravel/framework/src/Illuminate/Foundation/Http/Kernel.php(144): Illuminate\\Foundation\\Http\\Kernel->sendRequestThroughRouter(Object(Illuminate\\Http\\Request))
#57 /Users/admin/Downloads/CODINGGG/PROJECT CLIEN/WEBSITE-YAYASAN-AL-HIDAYAH1/vendor/laravel/framework/src/Illuminate/Foundation/Application.php(1220): Illuminate\\Foundation\\Http\\Kernel->handle(Object(Illuminate\\Http\\Request))
#58 /Users/admin/Downloads/CODINGGG/PROJECT CLIEN/WEBSITE-YAYASAN-AL-HIDAYAH1/public/index.php(20): Illuminate\\Foundation\\Application->handleRequest(Object(Illuminate\\Http\\Request))
#59 /Users/admin/Downloads/CODINGGG/PROJECT CLIEN/WEBSITE-YAYASAN-AL-HIDAYAH1/vendor/laravel/framework/src/Illuminate/Foundation/resources/server.php(23): require_once('/Users/admin/Do...')
#60 {main}
"} 
